<?xml version="1.0" encoding="UTF-8" ?>
<testsuite errors="0" failures="0" hostname="YUAN-PC" name="medrecapp.Services.ObatServiceTest" skipped="0" tests="4" time="0.76" timestamp="2014-01-19T14:44:21">
  <properties>
    <property name="default.javac.source" value="1.4" />
    <property name="file.encoding.pkg" value="sun.io" />
    <property name="ant.file.MedRecApp-impl" value="d:\ITB\TIKES\TA\medRecApp\Pembagian commit\3. Yuanita\6. Spesialis, Jaminan, Staf, Obat, Pasien, Dokter\nbproject\build-impl.xml" />
    <property name="javac.source" value="1.5" />
    <property name="java.home" value="c:\Program Files\Java\jdk1.7.0_21\jre" />
    <property name="do.archive+manifest.available+main.class" value="true" />
    <property name="test.src.dir" value="test" />
    <property name="javadoc.version" value="false" />
    <property name="libs.CopyLibs.classpath" value="d:/ITB/TIKES/TA/medRecApp/Pembagian commit/3. Yuanita/6. Spesialis, Jaminan, Staf, Obat, Pasien, Dokter/lib/CopyLibs/org-netbeans-modules-java-j2seproject-copylibstask.jar" />
    <property name="libraries.path" value="d:\ITB\TIKES\TA\medRecApp\Pembagian commit\3. Yuanita\6. Spesialis, Jaminan, Staf, Obat, Pasien, Dokter\lib\nblibraries.properties" />
    <property name="java.endorsed.dirs" value="c:\Program Files\Java\jdk1.7.0_21\jre\lib\endorsed" />
    <property name="libs.MySQLDriver.classpath" value="d:/ITB/TIKES/TA/medRecApp/Pembagian commit/3. Yuanita/6. Spesialis, Jaminan, Staf, Obat, Pasien, Dokter/lib/MySQLDriver/mysql-connector-java-5.1.6-bin.jar" />
    <property name="src.dir" value="src" />
    <property name="debug-args-line" value="-Xdebug" />
    <property name="build.sysclasspath" value="ignore" />
    <property name="have.sources" value="true" />
    <property name="includes" value="**" />
    <property name="javac.fork" value="false" />
    <property name="source.encoding" value="UTF-8" />
    <property name="sun.os.patch.level" value="Service Pack 1" />
    <property name="java.vendor.url" value="http://java.oracle.com/" />
    <property name="java.version" value="1.7.0_21" />
    <property name="javac.debug" value="true" />
    <property name="run.classpath" value="d:/ITB/TIKES/TA/medRecApp/Pembagian commit/3. Yuanita/6. Spesialis, Jaminan, Staf, Obat, Pasien, Dokter/lib/MySQLDriver/mysql-connector-java-5.1.6-bin.jar:lib/jcalendar-1.4.jar:build/classes" />
    <property name="java.vendor.url.bug" value="http://bugreport.sun.com/bugreport/" />
    <property name="ant.project.invoked-targets" value="test" />
    <property name="annotation.processing.run.all.processors" value="true" />
    <property name="manifest.file" value="manifest.mf" />
    <property name="mysqladmin" value="C:\xampp\mysql\bin\mysqladmin.exe" />
    <property name="user.name" value="YUANITA" />
    <property name="manifest.available+main.class+mkdist.available" value="true" />
    <property name="empty.dir" value="d:\ITB\TIKES\TA\medRecApp\Pembagian commit\3. Yuanita\6. Spesialis, Jaminan, Staf, Obat, Pasien, Dokter\build\empty" />
    <property name="sun.io.unicode.encoding" value="UnicodeLittle" />
    <property name="ant.file.type.MedRecApp" value="file" />
    <property name="sql.pass" value="" />
    <property name="sun.jnu.encoding" value="Cp1252" />
    <property name="java.runtime.name" value="Java(TM) SE Runtime Environment" />
    <property name="application.vendor" value="asus" />
    <property name="main.class.available" value="true" />
    <property name="java.specification.name" value="Java Platform API Specification" />
    <property name="javadoc.author" value="false" />
    <property name="user.timezone" value="" />
    <property name="manifest.available" value="true" />
    <property name="libs.junit.javadoc" value="d:/ITB/TIKES/TA/medRecApp/Pembagian commit/3. Yuanita/6. Spesialis, Jaminan, Staf, Obat, Pasien, Dokter/lib/junit/junit-3.8.2-api.zip" />
    <property name="user.script" value="" />
    <property name="path.separator" value=";" />
    <property name="version-output" value="java version &quot;1.7" />
    <property name="sql.user" value="root" />
    <property name="file.reference.junit-4.11.jar" value="lib\junit-4.11.jar" />
    <property name="file.encoding" value="Cp1252" />
    <property name="dist.javadoc.dir" value="dist/javadoc" />
    <property name="ant.project.default-target" value="default" />
    <property name="sun.java.command" value="org.apache.tools.ant.taskdefs.optional.junit.JUnitTestRunner medrecapp.Services.ObatServiceTest skipNonTests=false filtertrace=true haltOnError=false haltOnFailure=false showoutput=true outputtoformatters=true logfailedtests=true logtestlistenerevents=false formatter=org.apache.tools.ant.taskdefs.optional.junit.BriefJUnitResultFormatter formatter=org.apache.tools.ant.taskdefs.optional.junit.XMLJUnitResultFormatter,d:\ITB\TIKES\TA\medRecApp\Pembagian commit\3. Yuanita\6. Spesialis, Jaminan, Staf, Obat, Pasien, Dokter\build\test\results\TEST-medrecapp.Services.ObatServiceTest.xml crashfile=d:\ITB\TIKES\TA\medRecApp\Pembagian commit\3. Yuanita\6. Spesialis, Jaminan, Staf, Obat, Pasien, Dokter\build\junitvmwatcher5727913726341097687.properties propsfile=d:\ITB\TIKES\TA\medRecApp\Pembagian commit\3. Yuanita\6. Spesialis, Jaminan, Staf, Obat, Pasien, Dokter\build\junit5382689768275794257.properties" />
    <property name="built-jar.properties" value="d:\ITB\TIKES\TA\medRecApp\Pembagian commit\3. Yuanita\6. Spesialis, Jaminan, Staf, Obat, Pasien, Dokter\build\built-jar.properties" />
    <property name="ant.file" value="d:\ITB\TIKES\TA\medRecApp\Pembagian commit\3. Yuanita\6. Spesialis, Jaminan, Staf, Obat, Pasien, Dokter\build.xml" />
    <property name="file.reference.fest-assert-1.2.jar" value="lib\fest-swing-1.2\fest-assert-1.2.jar" />
    <property name="libs.junit_4.src" value="d:/ITB/TIKES/TA/medRecApp/Pembagian commit/3. Yuanita/6. Spesialis, Jaminan, Staf, Obat, Pasien, Dokter/lib/junit_4/junit-4.5-src.jar" />
    <property name="do.jar" value="true" />
    <property name="java.io.tmpdir" value="C:\Users\YUANITA\AppData\Local\Temp\" />
    <property name="build.test.results.dir" value="build/test/results" />
    <property name="user.language" value="en" />
    <property name="line.separator" value="&#xd;&#xa;" />
    <property name="javac.compilerargs" value="" />
    <property name="ant.file.type" value="file" />
    <property name="jar.compress" value="false" />
    <property name="debug-transport-by-os" value="dt_shmem" />
    <property name="java.vm.info" value="mixed mode, sharing" />
    <property name="javadoc.private" value="false" />
    <property name="annotation.processing.processors.list" value="" />
    <property name="sun.desktop" value="windows" />
    <property name="build.test.classes.dir" value="build/test/classes" />
    <property name="java.vm.specification.name" value="Java Virtual Machine Specification" />
    <property name="file.reference.fest-swing-1.2.jar" value="lib\fest-swing-1.2\fest-swing-1.2.jar" />
    <property name="manifest.available+main.class" value="true" />
    <property name="file.reference.fest-util-1.1.2.jar" value="lib\fest-swing-1.2\fest-util-1.1.2.jar" />
    <property name="platform.active" value="default_platform" />
    <property name="ap.cmd.line.internal" value="" />
    <property name="libs.junit_4.javadoc" value="d:/ITB/TIKES/TA/medRecApp/Pembagian commit/3. Yuanita/6. Spesialis, Jaminan, Staf, Obat, Pasien, Dokter/lib/junit_4/junit-4.5-api.zip" />
    <property name="endorsed.classpath" value="" />
    <property name="do.mkdist" value="true" />
    <property name="javadoc.encoding" value="UTF-8" />
    <property name="java.awt.printerjob" value="sun.awt.windows.WPrinterJob" />
    <property name="do.archive" value="true" />
    <property name="dist.jar" value="dist/MedRecApp.jar" />
    <property name="meta.inf.dir" value="src/META-INF" />
    <property name="ant.version" value="Apache Ant(TM) version 1.9.3 compiled on December 23 2013" />
    <property name="javadoc.nonavbar" value="false" />
    <property name="user.properties.file" value="C:\Users\asus\.netbeans\6.9\build.properties" />
    <property name="ant.file.MedRecApp" value="d:\ITB\TIKES\TA\medRecApp\Pembagian commit\3. Yuanita\6. Spesialis, Jaminan, Staf, Obat, Pasien, Dokter\build.xml" />
    <property name="annotation.processing.source.output" value="build/generated-sources/ap-source-output" />
    <property name="sql.driver" value="com.mysql.jdbc.Driver" />
    <property name="build.generated.dir" value="build/generated" />
    <property name="os.name" value="Windows 7" />
    <property name="java.specification.vendor" value="Oracle Corporation" />
    <property name="run.test.classpath" value="d:/ITB/TIKES/TA/medRecApp/Pembagian commit/3. Yuanita/6. Spesialis, Jaminan, Staf, Obat, Pasien, Dokter/lib/MySQLDriver/mysql-connector-java-5.1.6-bin.jar:lib/jcalendar-1.4.jar:build/classes:lib\junit-4.11.jar:d:/ITB/TIKES/TA/medRecApp/Pembagian commit/3. Yuanita/6. Spesialis, Jaminan, Staf, Obat, Pasien, Dokter/lib/junit_4/junit-4.5.jar:lib\fest-swing-1.2\fest-swing-1.2.jar:lib\fest-swing-1.2\fest-assert-1.2.jar:lib\fest-swing-1.2\fest-reflect-1.2.jar:lib\fest-swing-1.2\fest-util-1.1.2.jar:build/test/classes" />
    <property name="java.vm.name" value="Java HotSpot(TM) Client VM" />
    <property name="libs.junit.classpath" value="d:/ITB/TIKES/TA/medRecApp/Pembagian commit/3. Yuanita/6. Spesialis, Jaminan, Staf, Obat, Pasien, Dokter/lib/junit/junit-3.8.2.jar" />
    <property name="java.library.path" value="c:\Program Files\Java\jdk1.7.0_21\jre\bin;C:\Windows\Sun\Java\bin;C:\Windows\system32;C:\Windows;c:\Users\YUANITA\bin;.;C:\Program Files\Git\local\bin;C:\Program Files\Git\mingw\bin;C:\Program Files\Git\bin;c:\Windows\system32;c:\Windows;c:\Windows\System32\Wbem;c:\Windows\System32\WindowsPowerShell\v1.0\;c:\Program Files\Java\jdk1.7.0_21;c:\Program Files\TortoiseGit\bin;c:\xampp\php;d:\ant\bin;c:\Program Files\Java\jre7\bin;.;." />
    <property name="do.archive+manifest.available+main.class+mkdist.available" value="true" />
    <property name="ant.java.version" value="1.7" />
    <property name="basedir" value="d:\ITB\TIKES\TA\medRecApp\Pembagian commit\3. Yuanita\6. Spesialis, Jaminan, Staf, Obat, Pasien, Dokter" />
    <property name="javadoc.noindex" value="false" />
    <property name="java.class.version" value="51.0" />
    <property name="javac.test.classpath" value="d:/ITB/TIKES/TA/medRecApp/Pembagian commit/3. Yuanita/6. Spesialis, Jaminan, Staf, Obat, Pasien, Dokter/lib/MySQLDriver/mysql-connector-java-5.1.6-bin.jar:lib/jcalendar-1.4.jar:build/classes:lib\junit-4.11.jar:d:/ITB/TIKES/TA/medRecApp/Pembagian commit/3. Yuanita/6. Spesialis, Jaminan, Staf, Obat, Pasien, Dokter/lib/junit_4/junit-4.5.jar:lib\fest-swing-1.2\fest-swing-1.2.jar:lib\fest-swing-1.2\fest-assert-1.2.jar:lib\fest-swing-1.2\fest-reflect-1.2.jar:lib\fest-swing-1.2\fest-util-1.1.2.jar" />
    <property name="javac.processorpath" value="d:/ITB/TIKES/TA/medRecApp/Pembagian commit/3. Yuanita/6. Spesialis, Jaminan, Staf, Obat, Pasien, Dokter/lib/MySQLDriver/mysql-connector-java-5.1.6-bin.jar:lib/jcalendar-1.4.jar" />
    <property name="ant.home" value="d:/ant" />
    <property name="javadoc.splitindex" value="true" />
    <property name="javac.test.processorpath" value="d:/ITB/TIKES/TA/medRecApp/Pembagian commit/3. Yuanita/6. Spesialis, Jaminan, Staf, Obat, Pasien, Dokter/lib/MySQLDriver/mysql-connector-java-5.1.6-bin.jar:lib/jcalendar-1.4.jar:build/classes:lib\junit-4.11.jar:d:/ITB/TIKES/TA/medRecApp/Pembagian commit/3. Yuanita/6. Spesialis, Jaminan, Staf, Obat, Pasien, Dokter/lib/junit_4/junit-4.5.jar:lib\fest-swing-1.2\fest-swing-1.2.jar:lib\fest-swing-1.2\fest-assert-1.2.jar:lib\fest-swing-1.2\fest-reflect-1.2.jar:lib\fest-swing-1.2\fest-util-1.1.2.jar" />
    <property name="javadoc.preview" value="true" />
    <property name="libs.junit_4.classpath" value="d:/ITB/TIKES/TA/medRecApp/Pembagian commit/3. Yuanita/6. Spesialis, Jaminan, Staf, Obat, Pasien, Dokter/lib/junit_4/junit-4.5.jar" />
    <property name="sun.boot.library.path" value="c:\Program Files\Java\jdk1.7.0_21\jre\bin" />
    <property name="build.dir" value="build" />
    <property name="application.title" value="MedRecApp" />
    <property name="sun.management.compiler" value="HotSpot Client Compiler" />
    <property name="java.awt.graphicsenv" value="sun.awt.Win32GraphicsEnvironment" />
    <property name="user.variant" value="" />
    <property name="javadoc.encoding.used" value="UTF-8" />
    <property name="libraries.dir.nativedirsep" value="d:\ITB\TIKES\TA\medRecApp\Pembagian commit\3. Yuanita\6. Spesialis, Jaminan, Staf, Obat, Pasien, Dokter\lib" />
    <property name="javadoc.windowtitle" value="" />
    <property name="annotation.processing.enabled" value="true" />
    <property name="build.generated.sources.dir" value="build/generated-sources" />
    <property name="run.jvmargs" value="" />
    <property name="file.reference.jcalendar-1.4.jar" value="lib/jcalendar-1.4.jar" />
    <property name="ant.project.name" value="MedRecApp" />
    <property name="java.vm.specification.version" value="1.7" />
    <property name="work.dir" value="d:\ITB\TIKES\TA\medRecApp\Pembagian commit\3. Yuanita\6. Spesialis, Jaminan, Staf, Obat, Pasien, Dokter" />
    <property name="awt.toolkit" value="sun.awt.windows.WToolkit" />
    <property name="javadoc.use" value="true" />
    <property name="sun.cpu.isalist" value="pentium_pro+mmx pentium_pro pentium+mmx pentium i486 i386 i86" />
    <property name="java.ext.dirs" value="c:\Program Files\Java\jdk1.7.0_21\jre\lib\ext;C:\Windows\Sun\Java\lib\ext" />
    <property name="os.version" value="6.1" />
    <property name="excludes" value="" />
    <property name="user.home" value="C:\Users\YUANITA" />
    <property name="libraries.basename" value="nblibraries" />
    <property name="java.vm.vendor" value="Oracle Corporation" />
    <property name="user.dir" value="d:\ITB\TIKES\TA\medRecApp\Pembagian commit\3. Yuanita\6. Spesialis, Jaminan, Staf, Obat, Pasien, Dokter" />
    <property name="debug-transport" value="dt_shmem" />
    <property name="application.args" value="" />
    <property name="sun.cpu.endian" value="little" />
    <property name="compile.on.save" value="true" />
    <property name="mysql.dbname" value="medrec" />
    <property name="endorsed.classpath.cmd.line.arg" value="" />
    <property name="jar.index" value="false" />
    <property name="netbeans.automatic.build" value="true" />
    <property name="libraries.dir" value="d:/ITB/TIKES/TA/medRecApp/Pembagian commit/3. Yuanita/6. Spesialis, Jaminan, Staf, Obat, Pasien, Dokter/lib" />
    <property name="java.vm.version" value="23.21-b01" />
    <property name="java.class.path" value="d:\ITB\TIKES\TA\medRecApp\Pembagian commit\3. Yuanita\6. Spesialis, Jaminan, Staf, Obat, Pasien, Dokter\lib\MySQLDriver\mysql-connector-java-5.1.6-bin.jar;d:\ITB\TIKES\TA\medRecApp\Pembagian commit\3. Yuanita\6. Spesialis, Jaminan, Staf, Obat, Pasien, Dokter\lib\jcalendar-1.4.jar;d:\ITB\TIKES\TA\medRecApp\Pembagian commit\3. Yuanita\6. Spesialis, Jaminan, Staf, Obat, Pasien, Dokter\build\classes;d:\ITB\TIKES\TA\medRecApp\Pembagian commit\3. Yuanita\6. Spesialis, Jaminan, Staf, Obat, Pasien, Dokter\lib\junit-4.11.jar;d:\ITB\TIKES\TA\medRecApp\Pembagian commit\3. Yuanita\6. Spesialis, Jaminan, Staf, Obat, Pasien, Dokter\lib\junit_4\junit-4.5.jar;d:\ITB\TIKES\TA\medRecApp\Pembagian commit\3. Yuanita\6. Spesialis, Jaminan, Staf, Obat, Pasien, Dokter\lib\fest-swing-1.2\fest-swing-1.2.jar;d:\ITB\TIKES\TA\medRecApp\Pembagian commit\3. Yuanita\6. Spesialis, Jaminan, Staf, Obat, Pasien, Dokter\lib\fest-swing-1.2\fest-assert-1.2.jar;d:\ITB\TIKES\TA\medRecApp\Pembagian commit\3. Yuanita\6. Spesialis, Jaminan, Staf, Obat, Pasien, Dokter\lib\fest-swing-1.2\fest-reflect-1.2.jar;d:\ITB\TIKES\TA\medRecApp\Pembagian commit\3. Yuanita\6. Spesialis, Jaminan, Staf, Obat, Pasien, Dokter\lib\fest-swing-1.2\fest-util-1.1.2.jar;d:\ITB\TIKES\TA\medRecApp\Pembagian commit\3. Yuanita\6. Spesialis, Jaminan, Staf, Obat, Pasien, Dokter\build\test\classes;D:\ant\lib\ant-launcher.jar;d:\ant\lib\ant.jar;d:\ant\lib\ant-junit.jar;d:\ant\lib\ant-junit4.jar" />
    <property name="annotation.processing.processor.options" value="" />
    <property name="jdbc.jar" value="lib\MySQLDriver\mysql-connector-java-5.1.6-bin.jar" />
    <property name="ant.library.dir" value="d:/ant/lib" />
    <property name="os.arch" value="x86" />
    <property name="javac.deprecation" value="false" />
    <property name="build.classes.excludes" value="**/*.java,**/*.form" />
    <property name="dist.dir" value="dist" />
    <property name="debug.classpath" value="d:/ITB/TIKES/TA/medRecApp/Pembagian commit/3. Yuanita/6. Spesialis, Jaminan, Staf, Obat, Pasien, Dokter/lib/MySQLDriver/mysql-connector-java-5.1.6-bin.jar:lib/jcalendar-1.4.jar:build/classes" />
    <property name="sun.java.launcher" value="SUN_STANDARD" />
    <property name="annotation.processing.enabled.in.editor" value="false" />
    <property name="ant.core.lib" value="d:\ant\lib\ant.jar" />
    <property name="java.vm.specification.vendor" value="Oracle Corporation" />
    <property name="do.depend" value="false" />
    <property name="file.separator" value="\" />
    <property name="java.runtime.version" value="1.7.0_21-b11" />
    <property name="sun.boot.class.path" value="c:\Program Files\Java\jdk1.7.0_21\jre\lib\resources.jar;c:\Program Files\Java\jdk1.7.0_21\jre\lib\rt.jar;c:\Program Files\Java\jdk1.7.0_21\jre\lib\sunrsasign.jar;c:\Program Files\Java\jdk1.7.0_21\jre\lib\jsse.jar;c:\Program Files\Java\jdk1.7.0_21\jre\lib\jce.jar;c:\Program Files\Java\jdk1.7.0_21\jre\lib\charsets.jar;c:\Program Files\Java\jdk1.7.0_21\jre\lib\jfr.jar;c:\Program Files\Java\jdk1.7.0_21\jre\classes" />
    <property name="debug.test.classpath" value="d:/ITB/TIKES/TA/medRecApp/Pembagian commit/3. Yuanita/6. Spesialis, Jaminan, Staf, Obat, Pasien, Dokter/lib/MySQLDriver/mysql-connector-java-5.1.6-bin.jar:lib/jcalendar-1.4.jar:build/classes:lib\junit-4.11.jar:d:/ITB/TIKES/TA/medRecApp/Pembagian commit/3. Yuanita/6. Spesialis, Jaminan, Staf, Obat, Pasien, Dokter/lib/junit_4/junit-4.5.jar:lib\fest-swing-1.2\fest-swing-1.2.jar:lib\fest-swing-1.2\fest-assert-1.2.jar:lib\fest-swing-1.2\fest-reflect-1.2.jar:lib\fest-swing-1.2\fest-util-1.1.2.jar:build/test/classes" />
    <property name="have.tests" value="true" />
    <property name="main.class" value="medrecapp.Main" />
    <property name="sql.url" value="jdbc:mysql://localhost:3306/medrec" />
    <property name="libs.FEST.classpath" value="d:/ITB/TIKES/TA/medRecApp/Pembagian commit/3. Yuanita/6. Spesialis, Jaminan, Staf, Obat, Pasien, Dokter/lib/fest-swing-1.2/fest-swing-1.2.jar" />
    <property name="user.country" value="US" />
    <property name="javadoc.notree" value="false" />
    <property name="file.reference.fest-reflect-1.2.jar" value="lib\fest-swing-1.2\fest-reflect-1.2.jar" />
    <property name="ant.file.type.MedRecApp-impl" value="file" />
    <property name="default.javac.target" value="1.4" />
    <property name="javadoc.additionalparam" value="" />
    <property name="javac.classpath" value="d:/ITB/TIKES/TA/medRecApp/Pembagian commit/3. Yuanita/6. Spesialis, Jaminan, Staf, Obat, Pasien, Dokter/lib/MySQLDriver/mysql-connector-java-5.1.6-bin.jar:lib/jcalendar-1.4.jar" />
    <property name="build.classes.dir" value="build/classes" />
    <property name="do.archive+manifest.available" value="true" />
    <property name="java.vendor" value="Oracle Corporation" />
    <property name="javac.target" value="1.5" />
    <property name="runtime.encoding" value="UTF-8" />
    <property name="java.specification.version" value="1.7" />
    <property name="sun.arch.data.model" value="32" />
  </properties>
  <testcase classname="medrecapp.Services.ObatServiceTest" name="a_insertObat" time="0.57" />
  <testcase classname="medrecapp.Services.ObatServiceTest" name="b_updateObat" time="0.04" />
  <testcase classname="medrecapp.Services.ObatServiceTest" name="c_deleteObat" time="0.04" />
  <testcase classname="medrecapp.Services.ObatServiceTest" name="d_getAllDokter" time="0.01" />
  <system-out><![CDATA[1. serviceInsertObat
2. serviceUpdateObat
3. serviceDeleteObat
4. serviceGetAllObat
]]></system-out>
  <system-err><![CDATA[]]></system-err>
</testsuite>
